#
# There is insufficient memory for the Java Runtime Environment to continue.
# Native memory allocation (malloc) failed to allocate 1208896 bytes for Chunk::new
# Possible reasons:
#   The system is out of physical RAM or swap space
#   The process is running with CompressedOops enabled, and the Java Heap may be blocking the growth of the native heap
# Possible solutions:
#   Reduce memory load on the system
#   Increase physical memory or swap space
#   Check if swap backing store is full
#   Decrease Java heap size (-Xmx/-Xms)
#   Decrease number of Java threads
#   Decrease Java thread stack sizes (-Xss)
#   Set larger code cache with -XX:ReservedCodeCacheSize=
#   JVM is running with Unscaled Compressed Oops mode in which the Java heap is
#     placed in the first 4GB address space. The Java Heap base address is the
#     maximum limit for the native heap growth. Please use -XX:HeapBaseMinAddress
#     to set the Java Heap base and to place the Java Heap above 4GB virtual address.
# This output file may be truncated or incomplete.
#
#  Out of Memory Error (allocation.cpp:389), pid=13956, tid=0x0000000000002b1c
#
# JRE version: Java(TM) SE Runtime Environment (8.0_221-b11) (build 1.8.0_221-b11)
# Java VM: Java HotSpot(TM) 64-Bit Server VM (25.221-b11 mixed mode windows-amd64 compressed oops)
# Failed to write core dump. Minidumps are not enabled by default on client versions of Windows
#

---------------  T H R E A D  ---------------

Current thread (0x00000000183b6000):  JavaThread "C2 CompilerThread0" daemon [_thread_in_native, id=11036, stack(0x0000000019dc0000,0x0000000019ec0000)]

Stack: [0x0000000019dc0000,0x0000000019ec0000]
[error occurred during error reporting (printing stack bounds), id 0xc0000005]

Native frames: (J=compiled Java code, j=interpreted, Vv=VM code, C=native code)


Current CompileTask:
C2:   2170 2137       4       java.net.URLClassLoader$1::run (5 bytes)


---------------  P R O C E S S  ---------------

Java Threads: ( => current thread )
  0x0000000019759000 JavaThread "Service Thread" daemon [_thread_blocked, id=18024, stack(0x000000001a0c0000,0x000000001a1c0000)]
  0x00000000183bb000 JavaThread "C1 CompilerThread2" daemon [_thread_in_native, id=15356, stack(0x0000000019fc0000,0x000000001a0c0000)]
  0x00000000183b9800 JavaThread "C2 CompilerThread1" daemon [_thread_blocked, id=12088, stack(0x0000000019ec0000,0x0000000019fc0000)]
=>0x00000000183b6000 JavaThread "C2 CompilerThread0" daemon [_thread_in_native, id=11036, stack(0x0000000019dc0000,0x0000000019ec0000)]
  0x00000000183aa800 JavaThread "Monitor Ctrl-Break" daemon [_thread_in_native, id=22400, stack(0x0000000019cc0000,0x0000000019dc0000)]
  0x0000000018386800 JavaThread "Attach Listener" daemon [_thread_blocked, id=13356, stack(0x0000000019bc0000,0x0000000019cc0000)]
  0x0000000018397800 JavaThread "Signal Dispatcher" daemon [_thread_blocked, id=7196, stack(0x0000000019ac0000,0x0000000019bc0000)]
  0x000000000383b000 JavaThread "Finalizer" daemon [_thread_blocked, id=13004, stack(0x00000000195c0000,0x00000000196c0000)]
  0x000000001835a000 JavaThread "Reference Handler" daemon [_thread_blocked, id=23056, stack(0x00000000194c0000,0x00000000195c0000)]
  0x0000000003747000 JavaThread "main" [_thread_in_vm, id=20920, stack(0x0000000003450000,0x0000000003550000)]

Other Threads:
  0x0000000018337000 VMThread [stack: 0x00000000193c0000,0x00000000194c0000] [id=25284]
  0x00000000197c6800 WatcherThread [stack: 0x000000001a1c0000,0x000000001a2c0000] [id=22736]

VM state:not at safepoint (normal execution)

VM Mutex/Monitor currently owned by a thread: None

heap address: 0x0000000081c00000, size: 2020 MB, Compressed Oops mode: 32-bit
Narrow klass base: 0x0000000000000000, Narrow klass shift: 3
Compressed class space size: 1073741824 Address: 0x0000000100000000

Heap:
 PSYoungGen      total 71680K, used 7152K [0x00000000d5f00000, 0x00000000dd500000, 0x0000000100000000)
  eden space 66560K, 3% used [0x00000000d5f00000,0x00000000d60fd590,0x00000000da000000)
  from space 5120K, 99% used [0x00000000da000000,0x00000000da4feb30,0x00000000da500000)
  to   space 8704K, 0% used [0x00000000dcc80000,0x00000000dcc80000,0x00000000dd500000)
 ParOldGen       total 57856K, used 9044K [0x0000000081c00000, 0x0000000085480000, 0x00000000d5f00000)
  object space 57856K, 15% used [0x0000000081c00000,0x00000000824d51e0,0x0000000085480000)
 Metaspace       used 24227K, capacity 25978K, committed 26160K, reserved 1071104K
  class space    used 3182K, capacity 3527K, committed 3632K, reserved 1048576K

Card table byte_map: [0x0000000012c00000,0x0000000013000000] byte_map_base: 0x00000000127f2000

Marking Bits: (ParMarkBitMap*) 0x000000006db35ce0
 Begin Bits: [0x00000000136b0000, 0x0000000015640000)
 End Bits:   [0x0000000015640000, 0x00000000175d0000)

Polling page: 0x0000000001340000

CodeCache: size=245760Kb used=7614Kb max_used=7614Kb free=238145Kb
 bounds [0x0000000003840000, 0x0000000003fc0000, 0x0000000012840000]
 total_blobs=2595 nmethods=2224 adapters=283
 compilation: enabled

Compilation events (10 events):
Event: 2.152 Thread 0x00000000183bb000 nmethod 2218 0x0000000003fad4d0 code [0x0000000003fad640, 0x0000000003fada48]
Event: 2.152 Thread 0x00000000183bb000 2219       3       org.springframework.util.MultiValueMapAdapter::get (14 bytes)
Event: 2.152 Thread 0x00000000183bb000 nmethod 2219 0x0000000003fadb90 code [0x0000000003fadd00, 0x0000000003fae028]
Event: 2.153 Thread 0x00000000183bb000 2222       1       org.springframework.beans.factory.support.AbstractBeanDefinition::getScope (5 bytes)
Event: 2.153 Thread 0x00000000183bb000 nmethod 2222 0x0000000003fae110 code [0x0000000003fae260, 0x0000000003fae370]
Event: 2.161 Thread 0x00000000183b9800 nmethod 2221 0x0000000003fb1290 code [0x0000000003fb13e0, 0x0000000003fb16b8]
Event: 2.161 Thread 0x00000000183b9800 2223       4       java.lang.ref.ReferenceQueue::reallyPoll (65 bytes)
Event: 2.162 Thread 0x00000000183b9800 nmethod 2223 0x0000000003fb1850 code [0x0000000003fb1980, 0x0000000003fb1ab8]
Event: 2.165 Thread 0x00000000183bb000 2224   !   3       java.lang.ClassLoader::definePackage (77 bytes)
Event: 2.165 Thread 0x00000000183bb000 nmethod 2224 0x0000000003fb0610 code [0x0000000003fb07c0, 0x0000000003fb0e78]

GC Heap History (10 events):
Event: 1.120 GC heap before
{Heap before GC invocations=2 (full 0):
 PSYoungGen      total 38400K, used 37988K [0x00000000d5f00000, 0x00000000d8980000, 0x0000000100000000)
  eden space 33280K, 100% used [0x00000000d5f00000,0x00000000d7f80000,0x00000000d7f80000)
  from space 5120K, 91% used [0x00000000d7f80000,0x00000000d8419100,0x00000000d8480000)
  to   space 5120K, 0% used [0x00000000d8480000,0x00000000d8480000,0x00000000d8980000)
 ParOldGen       total 87552K, used 16K [0x0000000081c00000, 0x0000000087180000, 0x00000000d5f00000)
  object space 87552K, 0% used [0x0000000081c00000,0x0000000081c04000,0x0000000087180000)
 Metaspace       used 13309K, capacity 14362K, committed 14464K, reserved 1062912K
  class space    used 1679K, capacity 1899K, committed 1920K, reserved 1048576K
Event: 1.125 GC heap after
Heap after GC invocations=2 (full 0):
 PSYoungGen      total 38400K, used 5098K [0x00000000d5f00000, 0x00000000daa00000, 0x0000000100000000)
  eden space 33280K, 0% used [0x00000000d5f00000,0x00000000d5f00000,0x00000000d7f80000)
  from space 5120K, 99% used [0x00000000d8480000,0x00000000d897aa20,0x00000000d8980000)
  to   space 5120K, 0% used [0x00000000d7f80000,0x00000000d7f80000,0x00000000d8480000)
 ParOldGen       total 87552K, used 459K [0x0000000081c00000, 0x0000000087180000, 0x00000000d5f00000)
  object space 87552K, 0% used [0x0000000081c00000,0x0000000081c72fd0,0x0000000087180000)
 Metaspace       used 13309K, capacity 14362K, committed 14464K, reserved 1062912K
  class space    used 1679K, capacity 1899K, committed 1920K, reserved 1048576K
}
Event: 1.514 GC heap before
{Heap before GC invocations=3 (full 0):
 PSYoungGen      total 38400K, used 38378K [0x00000000d5f00000, 0x00000000daa00000, 0x0000000100000000)
  eden space 33280K, 100% used [0x00000000d5f00000,0x00000000d7f80000,0x00000000d7f80000)
  from space 5120K, 99% used [0x00000000d8480000,0x00000000d897aa20,0x00000000d8980000)
  to   space 5120K, 0% used [0x00000000d7f80000,0x00000000d7f80000,0x00000000d8480000)
 ParOldGen       total 87552K, used 459K [0x0000000081c00000, 0x0000000087180000, 0x00000000d5f00000)
  object space 87552K, 0% used [0x0000000081c00000,0x0000000081c72fd0,0x0000000087180000)
 Metaspace       used 16642K, capacity 18078K, committed 18176K, reserved 1064960K
  class space    used 2206K, capacity 2467K, committed 2560K, reserved 1048576K
Event: 1.521 GC heap after
Heap after GC invocations=3 (full 0):
 PSYoungGen      total 38400K, used 5091K [0x00000000d5f00000, 0x00000000daa00000, 0x0000000100000000)
  eden space 33280K, 0% used [0x00000000d5f00000,0x00000000d5f00000,0x00000000d7f80000)
  from space 5120K, 99% used [0x00000000d7f80000,0x00000000d8478f48,0x00000000d8480000)
  to   space 5120K, 0% used [0x00000000da500000,0x00000000da500000,0x00000000daa00000)
 ParOldGen       total 87552K, used 2528K [0x0000000081c00000, 0x0000000087180000, 0x00000000d5f00000)
  object space 87552K, 2% used [0x0000000081c00000,0x0000000081e780f8,0x0000000087180000)
 Metaspace       used 16642K, capacity 18078K, committed 18176K, reserved 1064960K
  class space    used 2206K, capacity 2467K, committed 2560K, reserved 1048576K
}
Event: 1.656 GC heap before
{Heap before GC invocations=4 (full 0):
 PSYoungGen      total 38400K, used 29001K [0x00000000d5f00000, 0x00000000daa00000, 0x0000000100000000)
  eden space 33280K, 71% used [0x00000000d5f00000,0x00000000d76595a8,0x00000000d7f80000)
  from space 5120K, 99% used [0x00000000d7f80000,0x00000000d8478f48,0x00000000d8480000)
  to   space 5120K, 0% used [0x00000000da500000,0x00000000da500000,0x00000000daa00000)
 ParOldGen       total 87552K, used 2528K [0x0000000081c00000, 0x0000000087180000, 0x00000000d5f00000)
  object space 87552K, 2% used [0x0000000081c00000,0x0000000081e780f8,0x0000000087180000)
 Metaspace       used 19742K, capacity 21218K, committed 21296K, reserved 1067008K
  class space    used 2540K, capacity 2825K, committed 2864K, reserved 1048576K
Event: 1.664 GC heap after
Heap after GC invocations=4 (full 0):
 PSYoungGen      total 71680K, used 5119K [0x00000000d5f00000, 0x00000000daa00000, 0x0000000100000000)
  eden space 66560K, 0% used [0x00000000d5f00000,0x00000000d5f00000,0x00000000da000000)
  from space 5120K, 99% used [0x00000000da500000,0x00000000da9fffb0,0x00000000daa00000)
  to   space 5120K, 0% used [0x00000000da000000,0x00000000da000000,0x00000000da500000)
 ParOldGen       total 87552K, used 5031K [0x0000000081c00000, 0x0000000087180000, 0x00000000d5f00000)
  object space 87552K, 5% used [0x0000000081c00000,0x00000000820e9c70,0x0000000087180000)
 Metaspace       used 19742K, capacity 21218K, committed 21296K, reserved 1067008K
  class space    used 2540K, capacity 2825K, committed 2864K, reserved 1048576K
}
Event: 1.664 GC heap before
{Heap before GC invocations=5 (full 1):
 PSYoungGen      total 71680K, used 5119K [0x00000000d5f00000, 0x00000000daa00000, 0x0000000100000000)
  eden space 66560K, 0% used [0x00000000d5f00000,0x00000000d5f00000,0x00000000da000000)
  from space 5120K, 99% used [0x00000000da500000,0x00000000da9fffb0,0x00000000daa00000)
  to   space 5120K, 0% used [0x00000000da000000,0x00000000da000000,0x00000000da500000)
 ParOldGen       total 87552K, used 5031K [0x0000000081c00000, 0x0000000087180000, 0x00000000d5f00000)
  object space 87552K, 5% used [0x0000000081c00000,0x00000000820e9c70,0x0000000087180000)
 Metaspace       used 19742K, capacity 21218K, committed 21296K, reserved 1067008K
  class space    used 2540K, capacity 2825K, committed 2864K, reserved 1048576K
Event: 1.691 GC heap after
Heap after GC invocations=5 (full 1):
 PSYoungGen      total 71680K, used 0K [0x00000000d5f00000, 0x00000000daa00000, 0x0000000100000000)
  eden space 66560K, 0% used [0x00000000d5f00000,0x00000000d5f00000,0x00000000da000000)
  from space 5120K, 0% used [0x00000000da500000,0x00000000da500000,0x00000000daa00000)
  to   space 5120K, 0% used [0x00000000da000000,0x00000000da000000,0x00000000da500000)
 ParOldGen       total 57856K, used 7425K [0x0000000081c00000, 0x0000000085480000, 0x00000000d5f00000)
  object space 57856K, 12% used [0x0000000081c00000,0x0000000082340588,0x0000000085480000)
 Metaspace       used 19742K, capacity 21218K, committed 21296K, reserved 1067008K
  class space    used 2540K, capacity 2825K, committed 2864K, reserved 1048576K
}
Event: 2.154 GC heap before
{Heap before GC invocations=6 (full 1):
 PSYoungGen      total 71680K, used 66560K [0x00000000d5f00000, 0x00000000daa00000, 0x0000000100000000)
  eden space 66560K, 100% used [0x00000000d5f00000,0x00000000da000000,0x00000000da000000)
  from space 5120K, 0% used [0x00000000da500000,0x00000000da500000,0x00000000daa00000)
  to   space 5120K, 0% used [0x00000000da000000,0x00000000da000000,0x00000000da500000)
 ParOldGen       total 57856K, used 7425K [0x0000000081c00000, 0x0000000085480000, 0x00000000d5f00000)
  object space 57856K, 12% used [0x0000000081c00000,0x0000000082340588,0x0000000085480000)
 Metaspace       used 24013K, capacity 25754K, committed 25776K, reserved 1071104K
  class space    used 3159K, capacity 3495K, committed 3504K, reserved 1048576K
Event: 2.159 GC heap after
Heap after GC invocations=6 (full 1):
 PSYoungGen      total 71680K, used 5114K [0x00000000d5f00000, 0x00000000dd500000, 0x0000000100000000)
  eden space 66560K, 0% used [0x00000000d5f00000,0x00000000d5f00000,0x00000000da000000)
  from space 5120K, 99% used [0x00000000da000000,0x00000000da4feb30,0x00000000da500000)
  to   space 8704K, 0% used [0x00000000dcc80000,0x00000000dcc80000,0x00000000dd500000)
 ParOldGen       total 57856K, used 9044K [0x0000000081c00000, 0x0000000085480000, 0x00000000d5f00000)
  object space 57856K, 15% used [0x0000000081c00000,0x00000000824d51e0,0x0000000085480000)
 Metaspace       used 24013K, capacity 25754K, committed 25776K, reserved 1071104K
  class space    used 3159K, capacity 3495K, committed 3504K, reserved 1048576K
}

Deoptimization events (10 events):
Event: 1.915 Thread 0x0000000003747000 Uncommon trap: reason=bimorphic action=maybe_recompile pc=0x0000000003e037e0 method=java.util.HashMap.putVal(ILjava/lang/Object;Ljava/lang/Object;ZZ)Ljava/lang/Object; @ 203
Event: 1.918 Thread 0x0000000003747000 Uncommon trap: reason=array_check action=maybe_recompile pc=0x0000000003e628b0 method=java.util.AbstractCollection.toArray([Ljava/lang/Object;)[Ljava/lang/Object; @ 119
Event: 1.919 Thread 0x0000000003747000 Uncommon trap: reason=array_check action=maybe_recompile pc=0x0000000003e628b0 method=java.util.AbstractCollection.toArray([Ljava/lang/Object;)[Ljava/lang/Object; @ 119
Event: 1.919 Thread 0x0000000003747000 Uncommon trap: reason=array_check action=maybe_recompile pc=0x0000000003e628b0 method=java.util.AbstractCollection.toArray([Ljava/lang/Object;)[Ljava/lang/Object; @ 119
Event: 1.919 Thread 0x0000000003747000 Uncommon trap: reason=array_check action=maybe_recompile pc=0x0000000003e628b0 method=java.util.AbstractCollection.toArray([Ljava/lang/Object;)[Ljava/lang/Object; @ 119
Event: 1.929 Thread 0x0000000003747000 Uncommon trap: reason=bimorphic action=maybe_recompile pc=0x0000000003e037e0 method=java.util.HashMap.putVal(ILjava/lang/Object;Ljava/lang/Object;ZZ)Ljava/lang/Object; @ 203
Event: 1.945 Thread 0x0000000003747000 Uncommon trap: reason=bimorphic action=maybe_recompile pc=0x0000000003e037e0 method=java.util.HashMap.putVal(ILjava/lang/Object;Ljava/lang/Object;ZZ)Ljava/lang/Object; @ 203
Event: 1.965 Thread 0x0000000003747000 Uncommon trap: reason=unstable_if action=reinterpret pc=0x0000000003db9338 method=org.springframework.boot.context.properties.source.ConfigurationPropertyName$ElementsParser.add(IILorg/springframework/boot/context/properties/source/ConfigurationPropertyNa
Event: 2.087 Thread 0x0000000003747000 Uncommon trap: reason=unstable_if action=reinterpret pc=0x0000000003f4bc68 method=org.springframework.core.annotation.MergedAnnotationsCollection.isMappingForType(Lorg/springframework/core/annotation/AnnotationTypeMapping;Ljava/lang/Object;)Z @ 13
Event: 2.118 Thread 0x0000000003747000 Uncommon trap: reason=bimorphic action=maybe_recompile pc=0x0000000003e037e0 method=java.util.HashMap.putVal(ILjava/lang/Object;Ljava/lang/Object;ZZ)Ljava/lang/Object; @ 203

Classes redefined (0 events):
No events

Internal exceptions (10 events):
Event: 1.747 Thread 0x0000000003747000 Exception <a 'java/lang/ClassNotFoundException': org/springframework/context/ApplicationStartupAwareCustomizer> (0x00000000d6befad0) thrown at [C:\re\workspace\8-2-build-windows-amd64-cygwin\jdk8u221\13320\hotspot\src\share\vm\classfile\systemDictionary.c
Event: 1.748 Thread 0x0000000003747000 Exception <a 'java/lang/ClassNotFoundException': org/springframework/beans/factory/AwareCustomizer> (0x00000000d6c07d48) thrown at [C:\re\workspace\8-2-build-windows-amd64-cygwin\jdk8u221\13320\hotspot\src\share\vm\classfile\systemDictionary.cpp, line 210
Event: 1.748 Thread 0x0000000003747000 Exception <a 'java/lang/ClassNotFoundException': org/springframework/beans/factory/BeanClassLoaderAwareCustomizer> (0x00000000d6c232b8) thrown at [C:\re\workspace\8-2-build-windows-amd64-cygwin\jdk8u221\13320\hotspot\src\share\vm\classfile\systemDictionar
Event: 1.748 Thread 0x0000000003747000 Exception <a 'java/lang/ClassNotFoundException': org/springframework/beans/factory/AwareCustomizer> (0x00000000d6c3b0c0) thrown at [C:\re\workspace\8-2-build-windows-amd64-cygwin\jdk8u221\13320\hotspot\src\share\vm\classfile\systemDictionary.cpp, line 210
Event: 1.749 Thread 0x0000000003747000 Exception <a 'java/lang/ClassNotFoundException': org/springframework/context/EnvironmentAwareCustomizer> (0x00000000d6c53518) thrown at [C:\re\workspace\8-2-build-windows-amd64-cygwin\jdk8u221\13320\hotspot\src\share\vm\classfile\systemDictionary.cpp, lin
Event: 1.749 Thread 0x0000000003747000 Exception <a 'java/lang/ClassNotFoundException': org/springframework/beans/factory/AwareCustomizer> (0x00000000d6c6b200) thrown at [C:\re\workspace\8-2-build-windows-amd64-cygwin\jdk8u221\13320\hotspot\src\share\vm\classfile\systemDictionary.cpp, line 210
Event: 1.814 Thread 0x000000001b70b800 Exception <a 'java/lang/IncompatibleClassChangeError': Found class java.lang.Object, but interface was expected> (0x00000000d77e9718) thrown at [C:\re\workspace\8-2-build-windows-amd64-cygwin\jdk8u221\13320\hotspot\src\share\vm\interpreter\linkResolver.cp
Event: 1.876 Thread 0x0000000003747000 Exception <a 'java/lang/IncompatibleClassChangeError': Found class java.lang.Object, but interface was expected> (0x00000000d83e3830) thrown at [C:\re\workspace\8-2-build-windows-amd64-cygwin\jdk8u221\13320\hotspot\src\share\vm\interpreter\linkResolver.cp
Event: 1.898 Thread 0x0000000003747000 Exception <a 'java/lang/NoSuchMethodError': java.lang.Object.lambda$getAllAnnotationAttributes$0(Lorg/springframework/util/MultiValueMap;)Lorg/springframework/util/MultiValueMap;> (0x00000000d85fff68) thrown at [C:\re\workspace\8-2-build-windows-amd64-cyg
Event: 1.899 Thread 0x0000000003747000 Exception <a 'java/lang/NoSuchMethodError': java.lang.Object.lambda$identity$2(Ljava/lang/Object;)Ljava/lang/Object;> (0x00000000d8603c60) thrown at [C:\re\workspace\8-2-build-windows-amd64-cygwin\jdk8u221\13320\hotspot\src\share\vm\interpreter\linkResolv

Events (10 events):
Event: 2.167 loading class org/springframework/web/servlet/handler/AbstractHandlerMethodExceptionResolver
Event: 2.167 loading class org/springframework/web/servlet/handler/AbstractHandlerMethodExceptionResolver done
Event: 2.167 loading class org/springframework/web/servlet/handler/AbstractHandlerExceptionResolver
Event: 2.168 loading class org/springframework/web/servlet/handler/AbstractHandlerExceptionResolver done
Event: 2.168 loading class org/springframework/web/servlet/mvc/method/annotation/RequestMappingHandlerMapping
Event: 2.168 loading class org/springframework/web/servlet/mvc/method/annotation/RequestMappingHandlerMapping done
Event: 2.168 loading class org/springframework/web/servlet/mvc/method/RequestMappingInfoHandlerMapping
Event: 2.168 loading class org/springframework/web/servlet/mvc/method/RequestMappingInfoHandlerMapping done
Event: 2.169 loading class org/springframework/web/servlet/handler/AbstractHandlerMethodMapping
Event: 2.169 loading class org/springframework/web/servlet/handler/AbstractHandlerMethodMapping done


Dynamic libraries:
0x00007ff691370000 - 0x00007ff6913a7000 	C:\Program Files\Java\jdk1.8.0_221\bin\java.exe
0x00007ffa812a0000 - 0x00007ffa81490000 	C:\WINDOWS\SYSTEM32\ntdll.dll
0x00007ffa81060000 - 0x00007ffa81112000 	C:\WINDOWS\System32\KERNEL32.DLL
0x00007ffa7eab0000 - 0x00007ffa7ed55000 	C:\WINDOWS\System32\KERNELBASE.dll
0x00007ffa80320000 - 0x00007ffa803c3000 	C:\WINDOWS\System32\ADVAPI32.dll
0x00007ffa80280000 - 0x00007ffa8031e000 	C:\WINDOWS\System32\msvcrt.dll
0x00007ffa803d0000 - 0x00007ffa80467000 	C:\WINDOWS\System32\sechost.dll
0x00007ffa7f3b0000 - 0x00007ffa7f4d0000 	C:\WINDOWS\System32\RPCRT4.dll
0x00007ffa805b0000 - 0x00007ffa80744000 	C:\WINDOWS\System32\USER32.dll
0x00007ffa7ef00000 - 0x00007ffa7ef21000 	C:\WINDOWS\System32\win32u.dll
0x00007ffa7fde0000 - 0x00007ffa7fe06000 	C:\WINDOWS\System32\GDI32.dll
0x00007ffa7f130000 - 0x00007ffa7f2c6000 	C:\WINDOWS\System32\gdi32full.dll
0x00007ffa7edb0000 - 0x00007ffa7ee4e000 	C:\WINDOWS\System32\msvcp_win.dll
0x00007ffa7e220000 - 0x00007ffa7e31a000 	C:\WINDOWS\System32\ucrtbase.dll
0x00007ffa6f530000 - 0x00007ffa6f7b4000 	C:\WINDOWS\WinSxS\amd64_microsoft.windows.common-controls_6595b64144ccf1df_6.0.18362.1198_none_9e820b57e45ad92f\COMCTL32.dll
0x00007ffa7f800000 - 0x00007ffa7fb35000 	C:\WINDOWS\System32\combase.dll
0x00007ffa7ee50000 - 0x00007ffa7eed0000 	C:\WINDOWS\System32\bcryptPrimitives.dll
0x00007ffa7f7d0000 - 0x00007ffa7f7fe000 	C:\WINDOWS\System32\IMM32.DLL
0x000000006f820000 - 0x000000006f8f2000 	C:\Program Files\Java\jdk1.8.0_221\jre\bin\msvcr100.dll
0x000000006d310000 - 0x000000006dbb5000 	C:\Program Files\Java\jdk1.8.0_221\jre\bin\server\jvm.dll
0x00007ffa7fdd0000 - 0x00007ffa7fdd8000 	C:\WINDOWS\System32\PSAPI.DLL
0x00007ffa6c3f0000 - 0x00007ffa6c3f9000 	C:\WINDOWS\SYSTEM32\WSOCK32.dll
0x00007ffa80470000 - 0x00007ffa804df000 	C:\WINDOWS\System32\WS2_32.dll
0x00007ffa7b7d0000 - 0x00007ffa7b7f4000 	C:\WINDOWS\SYSTEM32\WINMM.dll
0x00007ffa7c7a0000 - 0x00007ffa7c7aa000 	C:\WINDOWS\SYSTEM32\VERSION.dll
0x00007ffa7b7a0000 - 0x00007ffa7b7cd000 	C:\WINDOWS\SYSTEM32\WINMMBASE.dll
0x00007ffa7ed60000 - 0x00007ffa7edaa000 	C:\WINDOWS\System32\cfgmgr32.dll
0x00007ffa7c880000 - 0x00007ffa7c88f000 	C:\Program Files\Java\jdk1.8.0_221\jre\bin\verify.dll
0x00007ffa7a280000 - 0x00007ffa7a2a9000 	C:\Program Files\Java\jdk1.8.0_221\jre\bin\java.dll
0x00007ffa77c70000 - 0x00007ffa77c93000 	C:\Program Files\Java\jdk1.8.0_221\jre\bin\instrument.dll
0x00007ffa77f40000 - 0x00007ffa77f56000 	C:\Program Files\Java\jdk1.8.0_221\jre\bin\zip.dll
0x00007ffa807b0000 - 0x00007ffa80e97000 	C:\WINDOWS\System32\SHELL32.dll
0x00007ffa7f720000 - 0x00007ffa7f7c9000 	C:\WINDOWS\System32\shcore.dll
0x00007ffa7e320000 - 0x00007ffa7eaa1000 	C:\WINDOWS\System32\windows.storage.dll
0x00007ffa7e180000 - 0x00007ffa7e1a3000 	C:\WINDOWS\System32\profapi.dll
0x00007ffa7e1b0000 - 0x00007ffa7e1fa000 	C:\WINDOWS\System32\powrprof.dll
0x00007ffa7e150000 - 0x00007ffa7e160000 	C:\WINDOWS\System32\UMPDC.dll
0x00007ffa80ea0000 - 0x00007ffa80ef2000 	C:\WINDOWS\System32\shlwapi.dll
0x00007ffa7e160000 - 0x00007ffa7e171000 	C:\WINDOWS\System32\kernel.appcore.dll
0x00007ffa7f330000 - 0x00007ffa7f347000 	C:\WINDOWS\System32\cryptsp.dll
0x00007ffa71940000 - 0x00007ffa7195a000 	D:\IntelliJ IDEA 2019.2.4\bin\breakgen64.dll
0x00007ffa718d0000 - 0x00007ffa718ea000 	C:\Program Files\Java\jdk1.8.0_221\jre\bin\net.dll
0x00007ffa73a40000 - 0x00007ffa73c16000 	C:\WINDOWS\SYSTEM32\urlmon.dll
0x00007ffa6c820000 - 0x00007ffa6cac7000 	C:\WINDOWS\SYSTEM32\iertutil.dll
0x00007ffa7db70000 - 0x00007ffa7db7c000 	C:\WINDOWS\SYSTEM32\CRYPTBASE.DLL
0x00007ffa7d9a0000 - 0x00007ffa7da07000 	C:\WINDOWS\system32\mswsock.dll
0x00007ffa70b30000 - 0x00007ffa70b42000 	C:\Program Files\Java\jdk1.8.0_221\jre\bin\nio.dll
0x00007ffa7c870000 - 0x00007ffa7c87d000 	C:\Program Files\Java\jdk1.8.0_221\jre\bin\management.dll
0x00007ffa69420000 - 0x00007ffa69453000 	C:\Program Files (x86)\Sangfor\SSL\ClientComponent\2_SangforNspX64.dll
0x00007ffa80f00000 - 0x00007ffa81057000 	C:\WINDOWS\System32\ole32.dll
0x00007ffa804e0000 - 0x00007ffa805a5000 	C:\WINDOWS\System32\OLEAUT32.dll
0x00007ffa64690000 - 0x00007ffa646a6000 	C:\WINDOWS\system32\napinsp.dll
0x00007ffa64670000 - 0x00007ffa6468a000 	C:\WINDOWS\system32\pnrpnsp.dll
0x00007ffa7d6f0000 - 0x00007ffa7d7bb000 	C:\WINDOWS\SYSTEM32\DNSAPI.dll
0x00007ffa7f4d0000 - 0x00007ffa7f4d8000 	C:\WINDOWS\System32\NSI.dll
0x00007ffa7d6b0000 - 0x00007ffa7d6ea000 	C:\WINDOWS\SYSTEM32\IPHLPAPI.DLL
0x00007ffa79f30000 - 0x00007ffa79f3e000 	C:\WINDOWS\System32\winrnr.dll
0x00007ffa7a010000 - 0x00007ffa7a02c000 	C:\WINDOWS\system32\NLAapi.dll
0x00007ffa79380000 - 0x00007ffa79395000 	C:\WINDOWS\system32\wshbth.dll
0x000000006faf0000 - 0x000000006fb16000 	C:\Program Files\Bonjour\mdnsNSP.dll
0x00007ffa74410000 - 0x00007ffa7441a000 	C:\Windows\System32\rasadhlp.dll
0x00007ffa7bcf0000 - 0x00007ffa7bd67000 	C:\WINDOWS\System32\fwpuclnt.dll
0x00007ffa7eed0000 - 0x00007ffa7eef6000 	C:\WINDOWS\System32\bcrypt.dll

VM Arguments:
jvm_args: -ea -Didea.test.cyclic.buffer.size=1048576 -javaagent:D:\IntelliJ IDEA 2019.2.4\lib\idea_rt.jar=19370:D:\IntelliJ IDEA 2019.2.4\bin -Dfile.encoding=UTF-8 
java_command: com.intellij.rt.execution.junit.JUnitStarter -ideVersion5 -junit5 com.djh.demo.DemoApplicationTests,contextLoads
java_class_path (initial): D:\IntelliJ IDEA 2019.2.4\lib\idea_rt.jar;D:\IntelliJ IDEA 2019.2.4\plugins\junit\lib\junit-rt.jar;D:\IntelliJ IDEA 2019.2.4\plugins\junit\lib\junit5-rt.jar;C:\Users\HP\.m2\repository\org\junit\platform\junit-platform-launcher\1.7.0\junit-platform-launcher-1.7.0.jar;C:\Users\HP\.m2\repository\org\apiguardian\apiguardian-api\1.1.0\apiguardian-api-1.1.0.jar;C:\Users\HP\.m2\repository\org\junit\platform\junit-platform-engine\1.7.0\junit-platform-engine-1.7.0.jar;C:\Users\HP\.m2\repository\org\opentest4j\opentest4j\1.2.0\opentest4j-1.2.0.jar;C:\Users\HP\.m2\repository\org\junit\platform\junit-platform-commons\1.7.0\junit-platform-commons-1.7.0.jar;C:\Program Files\Java\jdk1.8.0_221\jre\lib\charsets.jar;C:\Program Files\Java\jdk1.8.0_221\jre\lib\deploy.jar;C:\Program Files\Java\jdk1.8.0_221\jre\lib\ext\access-bridge-64.jar;C:\Program Files\Java\jdk1.8.0_221\jre\lib\ext\cldrdata.jar;C:\Program Files\Java\jdk1.8.0_221\jre\lib\ext\dnsns.jar;C:\Program Files\Java\jdk1.8.0_221\jre\lib\ext\jaccess.jar;C:\Program Files\Java\jdk1.8.0_221\jre\lib\ext\jfxrt.jar;C:\Program Files\Java\jdk1.8.0_221\jre\lib\ext\localedata.jar;C:\Program Files\Java\jdk1.8.0_221\jre\lib\ext\nashorn.jar;C:\Program Files\Java\jdk1.8.0_221\jre\lib\ext\sunec.jar;C:\Program Files\Java\jdk1.8.0_221\jre\lib\ext\sunjce_provider.jar;C:\Program Files\Java\jdk1.8.0_221\jre\lib\ext\sunmscapi.jar;C:\Program Files\Java\jdk1.8.0_221\jre\lib\ext\sunpkcs11.jar;C:\Program Files\Java\jdk1.8.0_221\jre\lib\ext\zipfs.jar;C:\Program Files\Java\jdk1.8.0_221\jre\lib\javaws.jar;C:\Program Files\Java\jdk1.8.0_221\jre\lib\jce.jar;C:\Program Files\Java\jdk1.8.0_221\jre\lib\jfr.jar;C:\Program Files\Java\jdk1.8.0_221\jre\lib\jfxswt.jar;C:\Program Files\Java\jdk1.8.0_221\jre\lib\jsse.jar;C:\Program Files\Java\jdk1.8.0_221\jre\lib\management-agent.jar;C:\Program Files\Java\jdk1.8.0_221\jre\lib\plugin.jar;C:\Program Files\Java\jdk1.8.0_221\jre\lib\resources.jar;C:\Program Files\Java\jdk1.8.0_221\jre\lib\rt.j
Launcher Type: SUN_STANDARD

Environment Variables:
JAVA_HOME=C:\Program Files\Java\jdk1.8.0_221
CLASSPATH=.;C:\Program Files\Java\jdk1.8.0_221\lib\dt.jar;C:\Program Files\Java\jdk1.8.0_221\lib\tools.jar;
PATH=C:\Program Files (x86)\Common Files\Intel\Shared Libraries\redist\intel64\compiler;C:\Program Files (x86)\Common Files\Oracle\Java\javapath;C:\ProgramData\Oracle\Java\javapath;C:\Program Files (x86)\Intel\iCLS Client\;C:\Program Files\Intel\iCLS Client\;C:\windows\system32;C:\windows;C:\windows\System32\Wbem;C:\windows\System32\WindowsPowerShell\v1.0\;C:\Program Files (x86)\Intel\Intel(R) Management Engine Components\DAL;C:\Program Files\Intel\Intel(R) Management Engine Components\DAL;C:\Program Files (x86)\Intel\Intel(R) Management Engine Components\IPT;C:\Program Files\Intel\Intel(R) Management Engine Components\IPT;C:\Program Files (x86)\NVIDIA Corporation\PhysX\Common;C:\WINDOWS\system32;C:\WINDOWS;C:\WINDOWS\System32\Wbem;C:\WINDOWS\System32\WindowsPowerShell\v1.0\;C:\WINDOWS\System32\OpenSSH\;C:\Program Files (x86)\Microsoft SQL Server\100\Tools\Binn\;C:\Program Files\Microsoft SQL Server\100\Tools\Binn\;C:\Program Files\Microsoft SQL Server\100\DTS\Binn\;C:\Program Files (x86)\Microsoft SQL Server\100\Tools\Binn\VSShell\Common7\IDE\;C:\Program Files (x86)\Microsoft SQL Server\100\DTS\Binn\;C:\Program Files (x86)\Microsoft Visual Studio 9.0\Common7\IDE\PrivateAssemblies\;";D:\mysql\mysql-5.7.27-winx64\bin";D:\mysql\mysql-5.7.27-winx64\bin;C:\Program Files\Java\jdk1.8.0_221\bin;C:\Program Files\Java\jdk1.8.0_221\jre\bin;D:\MATLAB\R2018a\runtime\win64;D:\MATLAB\R2018a\bin;C:\Program Files (x86)\Rational\common;D:\apache-maven-3.5.0\bin;C:\Users\HP\AppData\Local\Programs\Python\Python37\Scripts\;C:\Users\HP\AppData\Local\Programs\Python\Python37\;C:\Users\HP\AppData\Local\Microsoft\WindowsApps;C:\Program Files\JetBrains\PyCharm Community Edition 2019.2.3\bin;C:\Program Files\JetBrains\PyCharm 2019.2.3\bin;D:\Microsoft VS Code\bin
USERNAME=HP
OS=Windows_NT
PROCESSOR_IDENTIFIER=Intel64 Family 6 Model 158 Stepping 9, GenuineIntel



---------------  S Y S T E M  ---------------

OS: Windows 10.0 , 64 bit Build 18362 (10.0.18362.1110)

CPU:total 4 (initial active 4) (4 cores per cpu, 1 threads per core) family 6 model 158 stepping 9, cmov, cx8, fxsr, mmx, sse, sse2, sse3, ssse3, sse4.1, sse4.2, popcnt, avx, avx2, aes, clmul, erms, 3dnowpref, lzcnt, tsc, tscinvbit, bmi1, bmi2, adx

Memory: 4k page, physical 8271080k(1151292k free), swap 12563392k(5804k free)

vm_info: Java HotSpot(TM) 64-Bit Server VM (25.221-b11) for windows-amd64 JRE (1.8.0_221-b11), built on Jul  4 2019 04:39:29 by "java_re" with MS VC++ 10.0 (VS2010)

time: Fri Dec 04 11:49:23 2020
timezone: 中国标准时间
elapsed time: 2 seconds (0d 0h 0m 2s)

