#
# There is insufficient memory for the Java Runtime Environment to continue.
# Native memory allocation (malloc) failed to allocate 134336 bytes for Chunk::new
# Possible reasons:
#   The system is out of physical RAM or swap space
#   The process is running with CompressedOops enabled, and the Java Heap may be blocking the growth of the native heap
# Possible solutions:
#   Reduce memory load on the system
#   Increase physical memory or swap space
#   Check if swap backing store is full
#   Decrease Java heap size (-Xmx/-Xms)
#   Decrease number of Java threads
#   Decrease Java thread stack sizes (-Xss)
#   Set larger code cache with -XX:ReservedCodeCacheSize=
#   JVM is running with Unscaled Compressed Oops mode in which the Java heap is
#     placed in the first 4GB address space. The Java Heap base address is the
#     maximum limit for the native heap growth. Please use -XX:HeapBaseMinAddress
#     to set the Java Heap base and to place the Java Heap above 4GB virtual address.
# This output file may be truncated or incomplete.
#
#  Out of Memory Error (allocation.cpp:389), pid=27792, tid=0x0000000000001a80
#
# JRE version: Java(TM) SE Runtime Environment (8.0_221-b11) (build 1.8.0_221-b11)
# Java VM: Java HotSpot(TM) 64-Bit Server VM (25.221-b11 mixed mode windows-amd64 compressed oops)
# Failed to write core dump. Minidumps are not enabled by default on client versions of Windows
#

---------------  T H R E A D  ---------------

Current thread (0x000000001813b000):  JavaThread "C2 CompilerThread0" daemon [_thread_in_native, id=6784, stack(0x0000000019c50000,0x0000000019d50000)]

Stack: [0x0000000019c50000,0x0000000019d50000]
[error occurred during error reporting (printing stack bounds), id 0xc0000005]

Native frames: (J=compiled Java code, j=interpreted, Vv=VM code, C=native code)


Current CompileTask:
C2:   2669 2316   !   4       org.springframework.beans.factory.support.DefaultSingletonBeanRegistry::getSingleton (147 bytes)


---------------  P R O C E S S  ---------------

Java Threads: ( => current thread )
  0x000000001960d800 JavaThread "Service Thread" daemon [_thread_blocked, id=10892, stack(0x0000000019f50000,0x000000001a050000)]
  0x000000001814e000 JavaThread "C1 CompilerThread2" daemon [_thread_blocked, id=19948, stack(0x0000000019e50000,0x0000000019f50000)]
  0x000000001813f000 JavaThread "C2 CompilerThread1" daemon [_thread_in_native, id=4048, stack(0x0000000019d50000,0x0000000019e50000)]
=>0x000000001813b000 JavaThread "C2 CompilerThread0" daemon [_thread_in_native, id=6784, stack(0x0000000019c50000,0x0000000019d50000)]
  0x0000000018139800 JavaThread "Monitor Ctrl-Break" daemon [_thread_in_native, id=24512, stack(0x0000000019b50000,0x0000000019c50000)]
  0x0000000019592800 JavaThread "Attach Listener" daemon [_thread_blocked, id=17444, stack(0x0000000019a50000,0x0000000019b50000)]
  0x0000000018117800 JavaThread "Signal Dispatcher" daemon [_thread_blocked, id=19668, stack(0x0000000019950000,0x0000000019a50000)]
  0x00000000035bb000 JavaThread "Finalizer" daemon [_thread_blocked, id=11240, stack(0x0000000019350000,0x0000000019450000)]
  0x00000000180da000 JavaThread "Reference Handler" daemon [_thread_blocked, id=21312, stack(0x0000000019250000,0x0000000019350000)]
  0x00000000034c7000 JavaThread "main" [_thread_in_native, id=22320, stack(0x00000000031e0000,0x00000000032e0000)]

Other Threads:
  0x00000000180b7000 VMThread [stack: 0x0000000019150000,0x0000000019250000] [id=11280]
  0x000000001962a800 WatcherThread [stack: 0x000000001a050000,0x000000001a150000] [id=13852]

VM state:not at safepoint (normal execution)

VM Mutex/Monitor currently owned by a thread: None

heap address: 0x0000000081c00000, size: 2020 MB, Compressed Oops mode: 32-bit
Narrow klass base: 0x0000000000000000, Narrow klass shift: 3
Compressed class space size: 1073741824 Address: 0x0000000100000000

Heap:
 PSYoungGen      total 59904K, used 10105K [0x00000000d5f00000, 0x00000000da380000, 0x0000000100000000)
  eden space 51712K, 11% used [0x00000000d5f00000,0x00000000d64ddfa0,0x00000000d9180000)
  from space 8192K, 50% used [0x00000000d9b80000,0x00000000d9f80710,0x00000000da380000)
  to   space 9216K, 0% used [0x00000000d9180000,0x00000000d9180000,0x00000000d9a80000)
 ParOldGen       total 58368K, used 7573K [0x0000000081c00000, 0x0000000085500000, 0x00000000d5f00000)
  object space 58368K, 12% used [0x0000000081c00000,0x0000000082365518,0x0000000085500000)
 Metaspace       used 24551K, capacity 26326K, committed 26416K, reserved 1073152K
  class space    used 3228K, capacity 3567K, committed 3632K, reserved 1048576K

Card table byte_map: [0x0000000012980000,0x0000000012d80000] byte_map_base: 0x0000000012572000

Marking Bits: (ParMarkBitMap*) 0x000000006db35ce0
 Begin Bits: [0x0000000013430000, 0x00000000153c0000)
 End Bits:   [0x00000000153c0000, 0x0000000017350000)

Polling page: 0x0000000001440000

CodeCache: size=245760Kb used=7983Kb max_used=7994Kb free=237777Kb
 bounds [0x00000000035c0000, 0x0000000003da0000, 0x00000000125c0000]
 total_blobs=2685 nmethods=2314 adapters=283
 compilation: enabled

Compilation events (10 events):
Event: 2.633 Thread 0x000000001814e000 nmethod 2311 0x0000000003d8d0d0 code [0x0000000003d8d2e0, 0x0000000003d8dec8]
Event: 2.635 Thread 0x000000001813b000 2312       4       org.springframework.beans.factory.support.AbstractBeanFactory::getMergedLocalBeanDefinition (38 bytes)
Event: 2.642 Thread 0x000000001813b000 nmethod 2312 0x0000000003d8c510 code [0x0000000003d8c680, 0x0000000003d8cc78]
Event: 2.645 Thread 0x000000001814e000 2313       1       org.springframework.beans.factory.support.DefaultListableBeanFactory::isConfigurationFrozen (5 bytes)
Event: 2.645 Thread 0x000000001814e000 nmethod 2313 0x0000000003d8c250 code [0x0000000003d8c3a0, 0x0000000003d8c4b0]
Event: 2.656 Thread 0x000000001814e000 2314       3       org.springframework.util.Assert::isInstanceOf (21 bytes)
Event: 2.656 Thread 0x000000001814e000 nmethod 2314 0x0000000003d92ed0 code [0x0000000003d93060, 0x0000000003d93418]
Event: 2.658 Thread 0x000000001813b000 2315       4       org.springframework.beans.factory.BeanFactoryUtils::transformedBeanName (35 bytes)
Event: 2.660 Thread 0x000000001813b000 nmethod 2315 0x0000000003d8bd90 code [0x0000000003d8bee0, 0x0000000003d8bfe8]
Event: 2.666 Thread 0x000000001813b000 2316   !   4       org.springframework.beans.factory.support.DefaultSingletonBeanRegistry::getSingleton (147 bytes)

GC Heap History (10 events):
Event: 1.548 GC heap before
{Heap before GC invocations=3 (full 0):
 PSYoungGen      total 38400K, used 38379K [0x00000000d5f00000, 0x00000000d8980000, 0x0000000100000000)
  eden space 33280K, 100% used [0x00000000d5f00000,0x00000000d7f80000,0x00000000d7f80000)
  from space 5120K, 99% used [0x00000000d8480000,0x00000000d897afb0,0x00000000d8980000)
  to   space 5120K, 0% used [0x00000000d7f80000,0x00000000d7f80000,0x00000000d8480000)
 ParOldGen       total 87552K, used 459K [0x0000000081c00000, 0x0000000087180000, 0x00000000d5f00000)
  object space 87552K, 0% used [0x0000000081c00000,0x0000000081c72fd0,0x0000000087180000)
 Metaspace       used 16636K, capacity 18074K, committed 18176K, reserved 1064960K
  class space    used 2207K, capacity 2467K, committed 2560K, reserved 1048576K
Event: 1.556 GC heap after
Heap after GC invocations=3 (full 0):
 PSYoungGen      total 38400K, used 5119K [0x00000000d5f00000, 0x00000000d8980000, 0x0000000100000000)
  eden space 33280K, 0% used [0x00000000d5f00000,0x00000000d5f00000,0x00000000d7f80000)
  from space 5120K, 99% used [0x00000000d7f80000,0x00000000d847ff90,0x00000000d8480000)
  to   space 5120K, 0% used [0x00000000d8480000,0x00000000d8480000,0x00000000d8980000)
 ParOldGen       total 87552K, used 2467K [0x0000000081c00000, 0x0000000087180000, 0x00000000d5f00000)
  object space 87552K, 2% used [0x0000000081c00000,0x0000000081e68c10,0x0000000087180000)
 Metaspace       used 16636K, capacity 18074K, committed 18176K, reserved 1064960K
  class space    used 2207K, capacity 2467K, committed 2560K, reserved 1048576K
}
Event: 1.684 GC heap before
{Heap before GC invocations=4 (full 0):
 PSYoungGen      total 38400K, used 30380K [0x00000000d5f00000, 0x00000000d8980000, 0x0000000100000000)
  eden space 33280K, 75% used [0x00000000d5f00000,0x00000000d77ab440,0x00000000d7f80000)
  from space 5120K, 99% used [0x00000000d7f80000,0x00000000d847ff90,0x00000000d8480000)
  to   space 5120K, 0% used [0x00000000d8480000,0x00000000d8480000,0x00000000d8980000)
 ParOldGen       total 87552K, used 2467K [0x0000000081c00000, 0x0000000087180000, 0x00000000d5f00000)
  object space 87552K, 2% used [0x0000000081c00000,0x0000000081e68c10,0x0000000087180000)
 Metaspace       used 19795K, capacity 21210K, committed 21296K, reserved 1067008K
  class space    used 2549K, capacity 2825K, committed 2864K, reserved 1048576K
Event: 1.691 GC heap after
Heap after GC invocations=4 (full 0):
 PSYoungGen      total 38400K, used 5101K [0x00000000d5f00000, 0x00000000d8980000, 0x0000000100000000)
  eden space 33280K, 0% used [0x00000000d5f00000,0x00000000d5f00000,0x00000000d7f80000)
  from space 5120K, 99% used [0x00000000d8480000,0x00000000d897b610,0x00000000d8980000)
  to   space 5120K, 0% used [0x00000000d7f80000,0x00000000d7f80000,0x00000000d8480000)
 ParOldGen       total 87552K, used 5039K [0x0000000081c00000, 0x0000000087180000, 0x00000000d5f00000)
  object space 87552K, 5% used [0x0000000081c00000,0x00000000820ebf50,0x0000000087180000)
 Metaspace       used 19795K, capacity 21210K, committed 21296K, reserved 1067008K
  class space    used 2549K, capacity 2825K, committed 2864K, reserved 1048576K
}
Event: 1.691 GC heap before
{Heap before GC invocations=5 (full 1):
 PSYoungGen      total 38400K, used 5101K [0x00000000d5f00000, 0x00000000d8980000, 0x0000000100000000)
  eden space 33280K, 0% used [0x00000000d5f00000,0x00000000d5f00000,0x00000000d7f80000)
  from space 5120K, 99% used [0x00000000d8480000,0x00000000d897b610,0x00000000d8980000)
  to   space 5120K, 0% used [0x00000000d7f80000,0x00000000d7f80000,0x00000000d8480000)
 ParOldGen       total 87552K, used 5039K [0x0000000081c00000, 0x0000000087180000, 0x00000000d5f00000)
  object space 87552K, 5% used [0x0000000081c00000,0x00000000820ebf50,0x0000000087180000)
 Metaspace       used 19795K, capacity 21210K, committed 21296K, reserved 1067008K
  class space    used 2549K, capacity 2825K, committed 2864K, reserved 1048576K
Event: 1.717 GC heap after
Heap after GC invocations=5 (full 1):
 PSYoungGen      total 38400K, used 0K [0x00000000d5f00000, 0x00000000d8980000, 0x0000000100000000)
  eden space 33280K, 0% used [0x00000000d5f00000,0x00000000d5f00000,0x00000000d7f80000)
  from space 5120K, 0% used [0x00000000d8480000,0x00000000d8480000,0x00000000d8980000)
  to   space 5120K, 0% used [0x00000000d7f80000,0x00000000d7f80000,0x00000000d8480000)
 ParOldGen       total 58368K, used 7501K [0x0000000081c00000, 0x0000000085500000, 0x00000000d5f00000)
  object space 58368K, 12% used [0x0000000081c00000,0x00000000823534e0,0x0000000085500000)
 Metaspace       used 19795K, capacity 21210K, committed 21296K, reserved 1067008K
  class space    used 2549K, capacity 2825K, committed 2864K, reserved 1048576K
}
Event: 1.893 GC heap before
{Heap before GC invocations=6 (full 1):
 PSYoungGen      total 38400K, used 33280K [0x00000000d5f00000, 0x00000000d8980000, 0x0000000100000000)
  eden space 33280K, 100% used [0x00000000d5f00000,0x00000000d7f80000,0x00000000d7f80000)
  from space 5120K, 0% used [0x00000000d8480000,0x00000000d8480000,0x00000000d8980000)
  to   space 5120K, 0% used [0x00000000d7f80000,0x00000000d7f80000,0x00000000d8480000)
 ParOldGen       total 58368K, used 7553K [0x0000000081c00000, 0x0000000085500000, 0x00000000d5f00000)
  object space 58368K, 12% used [0x0000000081c00000,0x0000000082360548,0x0000000085500000)
 Metaspace       used 22401K, capacity 23958K, committed 24112K, reserved 1071104K
  class space    used 2961K, capacity 3263K, committed 3376K, reserved 1048576K
Event: 1.897 GC heap after
Heap after GC invocations=6 (full 1):
 PSYoungGen      total 38400K, used 3937K [0x00000000d5f00000, 0x00000000da480000, 0x0000000100000000)
  eden space 33280K, 0% used [0x00000000d5f00000,0x00000000d5f00000,0x00000000d7f80000)
  from space 5120K, 76% used [0x00000000d7f80000,0x00000000d83584d8,0x00000000d8480000)
  to   space 9216K, 0% used [0x00000000d9b80000,0x00000000d9b80000,0x00000000da480000)
 ParOldGen       total 58368K, used 7553K [0x0000000081c00000, 0x0000000085500000, 0x00000000d5f00000)
  object space 58368K, 12% used [0x0000000081c00000,0x0000000082360548,0x0000000085500000)
 Metaspace       used 22401K, capacity 23958K, committed 24112K, reserved 1071104K
  class space    used 2961K, capacity 3263K, committed 3376K, reserved 1048576K
}
Event: 2.504 GC heap before
{Heap before GC invocations=7 (full 1):
 PSYoungGen      total 38400K, used 37217K [0x00000000d5f00000, 0x00000000da480000, 0x0000000100000000)
  eden space 33280K, 100% used [0x00000000d5f00000,0x00000000d7f80000,0x00000000d7f80000)
  from space 5120K, 76% used [0x00000000d7f80000,0x00000000d83584d8,0x00000000d8480000)
  to   space 9216K, 0% used [0x00000000d9b80000,0x00000000d9b80000,0x00000000da480000)
 ParOldGen       total 58368K, used 7565K [0x0000000081c00000, 0x0000000085500000, 0x00000000d5f00000)
  object space 58368K, 12% used [0x0000000081c00000,0x0000000082363518,0x0000000085500000)
 Metaspace       used 24232K, capacity 25990K, committed 26160K, reserved 1071104K
  class space    used 3180K, capacity 3527K, committed 3632K, reserved 1048576K
Event: 2.511 GC heap after
Heap after GC invocations=7 (full 1):
 PSYoungGen      total 59904K, used 4097K [0x00000000d5f00000, 0x00000000da380000, 0x0000000100000000)
  eden space 51712K, 0% used [0x00000000d5f00000,0x00000000d5f00000,0x00000000d9180000)
  from space 8192K, 50% used [0x00000000d9b80000,0x00000000d9f80710,0x00000000da380000)
  to   space 9216K, 0% used [0x00000000d9180000,0x00000000d9180000,0x00000000d9a80000)
 ParOldGen       total 58368K, used 7573K [0x0000000081c00000, 0x0000000085500000, 0x00000000d5f00000)
  object space 58368K, 12% used [0x0000000081c00000,0x0000000082365518,0x0000000085500000)
 Metaspace       used 24232K, capacity 25990K, committed 26160K, reserved 1071104K
  class space    used 3180K, capacity 3527K, committed 3632K, reserved 1048576K
}

Deoptimization events (10 events):
Event: 2.008 Thread 0x00000000034c7000 Uncommon trap: reason=array_check action=maybe_recompile pc=0x0000000003be9430 method=java.util.AbstractCollection.toArray([Ljava/lang/Object;)[Ljava/lang/Object; @ 119
Event: 2.009 Thread 0x00000000034c7000 Uncommon trap: reason=array_check action=maybe_recompile pc=0x0000000003be9430 method=java.util.AbstractCollection.toArray([Ljava/lang/Object;)[Ljava/lang/Object; @ 119
Event: 2.009 Thread 0x00000000034c7000 Uncommon trap: reason=array_check action=maybe_recompile pc=0x0000000003be9430 method=java.util.AbstractCollection.toArray([Ljava/lang/Object;)[Ljava/lang/Object; @ 119
Event: 2.010 Thread 0x00000000034c7000 Uncommon trap: reason=array_check action=maybe_recompile pc=0x0000000003be9430 method=java.util.AbstractCollection.toArray([Ljava/lang/Object;)[Ljava/lang/Object; @ 119
Event: 2.029 Thread 0x00000000034c7000 Uncommon trap: reason=bimorphic action=maybe_recompile pc=0x0000000003b72fdc method=java.util.HashMap.putVal(ILjava/lang/Object;Ljava/lang/Object;ZZ)Ljava/lang/Object; @ 203
Event: 2.045 Thread 0x00000000034c7000 Uncommon trap: reason=bimorphic action=maybe_recompile pc=0x0000000003b72fdc method=java.util.HashMap.putVal(ILjava/lang/Object;Ljava/lang/Object;ZZ)Ljava/lang/Object; @ 203
Event: 2.072 Thread 0x00000000034c7000 Uncommon trap: reason=unstable_if action=reinterpret pc=0x0000000003b129d8 method=org.springframework.boot.context.properties.source.ConfigurationPropertyName$ElementsParser.add(IILorg/springframework/boot/context/properties/source/ConfigurationPropertyNa
Event: 2.294 Thread 0x00000000034c7000 Uncommon trap: reason=unstable_if action=reinterpret pc=0x0000000003ce0d28 method=org.springframework.core.annotation.MergedAnnotationsCollection.isMappingForType(Lorg/springframework/core/annotation/AnnotationTypeMapping;Ljava/lang/Object;)Z @ 13
Event: 2.373 Thread 0x00000000034c7000 Uncommon trap: reason=bimorphic action=maybe_recompile pc=0x0000000003b72fdc method=java.util.HashMap.putVal(ILjava/lang/Object;Ljava/lang/Object;ZZ)Ljava/lang/Object; @ 203
Event: 2.667 Thread 0x00000000034c7000 Uncommon trap: reason=unstable_if action=reinterpret pc=0x0000000003d8cb70 method=org.springframework.beans.factory.support.AbstractBeanFactory.getMergedLocalBeanDefinition(Ljava/lang/String;)Lorg/springframework/beans/factory/support/RootBeanDefinition; 

Classes redefined (0 events):
No events

Internal exceptions (10 events):
Event: 1.774 Thread 0x00000000034c7000 Exception <a 'java/lang/ClassNotFoundException': org/springframework/context/ApplicationStartupAwareCustomizer> (0x00000000d6bfe568) thrown at [C:\re\workspace\8-2-build-windows-amd64-cygwin\jdk8u221\13320\hotspot\src\share\vm\classfile\systemDictionary.c
Event: 1.774 Thread 0x00000000034c7000 Exception <a 'java/lang/ClassNotFoundException': org/springframework/beans/factory/AwareCustomizer> (0x00000000d6c167e0) thrown at [C:\re\workspace\8-2-build-windows-amd64-cygwin\jdk8u221\13320\hotspot\src\share\vm\classfile\systemDictionary.cpp, line 210
Event: 1.774 Thread 0x00000000034c7000 Exception <a 'java/lang/ClassNotFoundException': org/springframework/beans/factory/BeanClassLoaderAwareCustomizer> (0x00000000d6c31d50) thrown at [C:\re\workspace\8-2-build-windows-amd64-cygwin\jdk8u221\13320\hotspot\src\share\vm\classfile\systemDictionar
Event: 1.775 Thread 0x00000000034c7000 Exception <a 'java/lang/ClassNotFoundException': org/springframework/beans/factory/AwareCustomizer> (0x00000000d6c49b58) thrown at [C:\re\workspace\8-2-build-windows-amd64-cygwin\jdk8u221\13320\hotspot\src\share\vm\classfile\systemDictionary.cpp, line 210
Event: 1.775 Thread 0x00000000034c7000 Exception <a 'java/lang/ClassNotFoundException': org/springframework/context/EnvironmentAwareCustomizer> (0x00000000d6cb0818) thrown at [C:\re\workspace\8-2-build-windows-amd64-cygwin\jdk8u221\13320\hotspot\src\share\vm\classfile\systemDictionary.cpp, lin
Event: 1.775 Thread 0x00000000034c7000 Exception <a 'java/lang/ClassNotFoundException': org/springframework/beans/factory/AwareCustomizer> (0x00000000d6cc8500) thrown at [C:\re\workspace\8-2-build-windows-amd64-cygwin\jdk8u221\13320\hotspot\src\share\vm\classfile\systemDictionary.cpp, line 210
Event: 1.874 Thread 0x000000001aa0d000 Exception <a 'java/lang/IncompatibleClassChangeError': Found class java.lang.Object, but interface was expected> (0x00000000d79462b0) thrown at [C:\re\workspace\8-2-build-windows-amd64-cygwin\jdk8u221\13320\hotspot\src\share\vm\interpreter\linkResolver.cp
Event: 1.913 Thread 0x00000000034c7000 Exception <a 'java/lang/IncompatibleClassChangeError': Found class java.lang.Object, but interface was expected> (0x00000000d61be6b8) thrown at [C:\re\workspace\8-2-build-windows-amd64-cygwin\jdk8u221\13320\hotspot\src\share\vm\interpreter\linkResolver.cp
Event: 1.949 Thread 0x00000000034c7000 Exception <a 'java/lang/NoSuchMethodError': java.lang.Object.lambda$getAllAnnotationAttributes$0(Lorg/springframework/util/MultiValueMap;)Lorg/springframework/util/MultiValueMap;> (0x00000000d63db2c0) thrown at [C:\re\workspace\8-2-build-windows-amd64-cyg
Event: 1.949 Thread 0x00000000034c7000 Exception <a 'java/lang/NoSuchMethodError': java.lang.Object.lambda$identity$2(Ljava/lang/Object;)Ljava/lang/Object;> (0x00000000d63defb8) thrown at [C:\re\workspace\8-2-build-windows-amd64-cygwin\jdk8u221\13320\hotspot\src\share\vm\interpreter\linkResolv

Events (10 events):
Event: 2.665 loading class org/mybatis/spring/support/SqlSessionDaoSupport done
Event: 2.665 loading class org/springframework/dao/support/DaoSupport
Event: 2.665 loading class org/springframework/dao/support/DaoSupport done
Event: 2.666 loading class org/mybatis/spring/mapper/MapperScannerConfigurer
Event: 2.666 loading class org/mybatis/spring/mapper/MapperScannerConfigurer done
Event: 2.667 Thread 0x00000000034c7000 Uncommon trap: trap_request=0xffffff65 fr.pc=0x0000000003d8cb70
Event: 2.667 Thread 0x00000000034c7000 DEOPT PACKING pc=0x0000000003d8cb70 sp=0x00000000032dc770
Event: 2.667 Thread 0x00000000034c7000 DEOPT UNPACKING pc=0x000000000360583b sp=0x00000000032dc730 mode 2
Event: 2.667 loading class org/mybatis/spring/boot/autoconfigure/MybatisAutoConfiguration
Event: 2.667 loading class org/mybatis/spring/boot/autoconfigure/MybatisAutoConfiguration done


Dynamic libraries:
0x00007ff691370000 - 0x00007ff6913a7000 	C:\Program Files\Java\jdk1.8.0_221\bin\java.exe
0x00007ffa812a0000 - 0x00007ffa81490000 	C:\WINDOWS\SYSTEM32\ntdll.dll
0x00007ffa81060000 - 0x00007ffa81112000 	C:\WINDOWS\System32\KERNEL32.DLL
0x00007ffa7eab0000 - 0x00007ffa7ed55000 	C:\WINDOWS\System32\KERNELBASE.dll
0x00007ffa80320000 - 0x00007ffa803c3000 	C:\WINDOWS\System32\ADVAPI32.dll
0x00007ffa80280000 - 0x00007ffa8031e000 	C:\WINDOWS\System32\msvcrt.dll
0x00007ffa803d0000 - 0x00007ffa80467000 	C:\WINDOWS\System32\sechost.dll
0x00007ffa7f3b0000 - 0x00007ffa7f4d0000 	C:\WINDOWS\System32\RPCRT4.dll
0x00007ffa805b0000 - 0x00007ffa80744000 	C:\WINDOWS\System32\USER32.dll
0x00007ffa7ef00000 - 0x00007ffa7ef21000 	C:\WINDOWS\System32\win32u.dll
0x00007ffa7fde0000 - 0x00007ffa7fe06000 	C:\WINDOWS\System32\GDI32.dll
0x00007ffa7f130000 - 0x00007ffa7f2c6000 	C:\WINDOWS\System32\gdi32full.dll
0x00007ffa7edb0000 - 0x00007ffa7ee4e000 	C:\WINDOWS\System32\msvcp_win.dll
0x00007ffa7e220000 - 0x00007ffa7e31a000 	C:\WINDOWS\System32\ucrtbase.dll
0x00007ffa6f530000 - 0x00007ffa6f7b4000 	C:\WINDOWS\WinSxS\amd64_microsoft.windows.common-controls_6595b64144ccf1df_6.0.18362.1198_none_9e820b57e45ad92f\COMCTL32.dll
0x00007ffa7f800000 - 0x00007ffa7fb35000 	C:\WINDOWS\System32\combase.dll
0x00007ffa7ee50000 - 0x00007ffa7eed0000 	C:\WINDOWS\System32\bcryptPrimitives.dll
0x00007ffa7f7d0000 - 0x00007ffa7f7fe000 	C:\WINDOWS\System32\IMM32.DLL
0x000000006f820000 - 0x000000006f8f2000 	C:\Program Files\Java\jdk1.8.0_221\jre\bin\msvcr100.dll
0x000000006d310000 - 0x000000006dbb5000 	C:\Program Files\Java\jdk1.8.0_221\jre\bin\server\jvm.dll
0x00007ffa7fdd0000 - 0x00007ffa7fdd8000 	C:\WINDOWS\System32\PSAPI.DLL
0x00007ffa6c3f0000 - 0x00007ffa6c3f9000 	C:\WINDOWS\SYSTEM32\WSOCK32.dll
0x00007ffa80470000 - 0x00007ffa804df000 	C:\WINDOWS\System32\WS2_32.dll
0x00007ffa7b7d0000 - 0x00007ffa7b7f4000 	C:\WINDOWS\SYSTEM32\WINMM.dll
0x00007ffa7c7a0000 - 0x00007ffa7c7aa000 	C:\WINDOWS\SYSTEM32\VERSION.dll
0x00007ffa7b7a0000 - 0x00007ffa7b7cd000 	C:\WINDOWS\SYSTEM32\winmmbase.dll
0x00007ffa7ed60000 - 0x00007ffa7edaa000 	C:\WINDOWS\System32\cfgmgr32.dll
0x00007ffa7c880000 - 0x00007ffa7c88f000 	C:\Program Files\Java\jdk1.8.0_221\jre\bin\verify.dll
0x00007ffa7a280000 - 0x00007ffa7a2a9000 	C:\Program Files\Java\jdk1.8.0_221\jre\bin\java.dll
0x00007ffa77c70000 - 0x00007ffa77c93000 	C:\Program Files\Java\jdk1.8.0_221\jre\bin\instrument.dll
0x00007ffa77f40000 - 0x00007ffa77f56000 	C:\Program Files\Java\jdk1.8.0_221\jre\bin\zip.dll
0x00007ffa807b0000 - 0x00007ffa80e97000 	C:\WINDOWS\System32\SHELL32.dll
0x00007ffa7f720000 - 0x00007ffa7f7c9000 	C:\WINDOWS\System32\shcore.dll
0x00007ffa7e320000 - 0x00007ffa7eaa1000 	C:\WINDOWS\System32\windows.storage.dll
0x00007ffa7e180000 - 0x00007ffa7e1a3000 	C:\WINDOWS\System32\profapi.dll
0x00007ffa7e1b0000 - 0x00007ffa7e1fa000 	C:\WINDOWS\System32\powrprof.dll
0x00007ffa7e150000 - 0x00007ffa7e160000 	C:\WINDOWS\System32\UMPDC.dll
0x00007ffa80ea0000 - 0x00007ffa80ef2000 	C:\WINDOWS\System32\shlwapi.dll
0x00007ffa7e160000 - 0x00007ffa7e171000 	C:\WINDOWS\System32\kernel.appcore.dll
0x00007ffa7f330000 - 0x00007ffa7f347000 	C:\WINDOWS\System32\cryptsp.dll
0x00007ffa71940000 - 0x00007ffa7195a000 	D:\IntelliJ IDEA 2019.2.4\bin\breakgen64.dll
0x00007ffa718d0000 - 0x00007ffa718ea000 	C:\Program Files\Java\jdk1.8.0_221\jre\bin\net.dll
0x00007ffa73a40000 - 0x00007ffa73c16000 	C:\WINDOWS\SYSTEM32\urlmon.dll
0x00007ffa6c820000 - 0x00007ffa6cac7000 	C:\WINDOWS\SYSTEM32\iertutil.dll
0x00007ffa7db70000 - 0x00007ffa7db7c000 	C:\WINDOWS\SYSTEM32\CRYPTBASE.DLL
0x00007ffa7d9a0000 - 0x00007ffa7da07000 	C:\WINDOWS\system32\mswsock.dll
0x00007ffa70b30000 - 0x00007ffa70b42000 	C:\Program Files\Java\jdk1.8.0_221\jre\bin\nio.dll
0x00007ffa7c870000 - 0x00007ffa7c87d000 	C:\Program Files\Java\jdk1.8.0_221\jre\bin\management.dll
0x00007ffa69420000 - 0x00007ffa69453000 	C:\Program Files (x86)\Sangfor\SSL\ClientComponent\2_SangforNspX64.dll
0x00007ffa80f00000 - 0x00007ffa81057000 	C:\WINDOWS\System32\ole32.dll
0x00007ffa804e0000 - 0x00007ffa805a5000 	C:\WINDOWS\System32\OLEAUT32.dll
0x00007ffa64690000 - 0x00007ffa646a6000 	C:\WINDOWS\system32\napinsp.dll
0x00007ffa64670000 - 0x00007ffa6468a000 	C:\WINDOWS\system32\pnrpnsp.dll
0x00007ffa7d6f0000 - 0x00007ffa7d7bb000 	C:\WINDOWS\SYSTEM32\DNSAPI.dll
0x00007ffa7f4d0000 - 0x00007ffa7f4d8000 	C:\WINDOWS\System32\NSI.dll
0x00007ffa7d6b0000 - 0x00007ffa7d6ea000 	C:\WINDOWS\SYSTEM32\IPHLPAPI.DLL
0x00007ffa79f30000 - 0x00007ffa79f3e000 	C:\WINDOWS\System32\winrnr.dll
0x00007ffa7a010000 - 0x00007ffa7a02c000 	C:\WINDOWS\system32\NLAapi.dll
0x00007ffa79380000 - 0x00007ffa79395000 	C:\WINDOWS\system32\wshbth.dll
0x000000006faf0000 - 0x000000006fb16000 	C:\Program Files\Bonjour\mdnsNSP.dll
0x00007ffa74410000 - 0x00007ffa7441a000 	C:\Windows\System32\rasadhlp.dll
0x00007ffa7bcf0000 - 0x00007ffa7bd67000 	C:\WINDOWS\System32\fwpuclnt.dll
0x00007ffa7eed0000 - 0x00007ffa7eef6000 	C:\WINDOWS\System32\bcrypt.dll

VM Arguments:
jvm_args: -ea -Didea.test.cyclic.buffer.size=1048576 -javaagent:D:\IntelliJ IDEA 2019.2.4\lib\idea_rt.jar=19402:D:\IntelliJ IDEA 2019.2.4\bin -Dfile.encoding=UTF-8 
java_command: com.intellij.rt.execution.junit.JUnitStarter -ideVersion5 -junit5 com.djh.demo.DemoApplicationTests,contextLoads
java_class_path (initial): D:\IntelliJ IDEA 2019.2.4\lib\idea_rt.jar;D:\IntelliJ IDEA 2019.2.4\plugins\junit\lib\junit-rt.jar;D:\IntelliJ IDEA 2019.2.4\plugins\junit\lib\junit5-rt.jar;C:\Users\HP\.m2\repository\org\junit\platform\junit-platform-launcher\1.7.0\junit-platform-launcher-1.7.0.jar;C:\Users\HP\.m2\repository\org\apiguardian\apiguardian-api\1.1.0\apiguardian-api-1.1.0.jar;C:\Users\HP\.m2\repository\org\junit\platform\junit-platform-engine\1.7.0\junit-platform-engine-1.7.0.jar;C:\Users\HP\.m2\repository\org\opentest4j\opentest4j\1.2.0\opentest4j-1.2.0.jar;C:\Users\HP\.m2\repository\org\junit\platform\junit-platform-commons\1.7.0\junit-platform-commons-1.7.0.jar;C:\Program Files\Java\jdk1.8.0_221\jre\lib\charsets.jar;C:\Program Files\Java\jdk1.8.0_221\jre\lib\deploy.jar;C:\Program Files\Java\jdk1.8.0_221\jre\lib\ext\access-bridge-64.jar;C:\Program Files\Java\jdk1.8.0_221\jre\lib\ext\cldrdata.jar;C:\Program Files\Java\jdk1.8.0_221\jre\lib\ext\dnsns.jar;C:\Program Files\Java\jdk1.8.0_221\jre\lib\ext\jaccess.jar;C:\Program Files\Java\jdk1.8.0_221\jre\lib\ext\jfxrt.jar;C:\Program Files\Java\jdk1.8.0_221\jre\lib\ext\localedata.jar;C:\Program Files\Java\jdk1.8.0_221\jre\lib\ext\nashorn.jar;C:\Program Files\Java\jdk1.8.0_221\jre\lib\ext\sunec.jar;C:\Program Files\Java\jdk1.8.0_221\jre\lib\ext\sunjce_provider.jar;C:\Program Files\Java\jdk1.8.0_221\jre\lib\ext\sunmscapi.jar;C:\Program Files\Java\jdk1.8.0_221\jre\lib\ext\sunpkcs11.jar;C:\Program Files\Java\jdk1.8.0_221\jre\lib\ext\zipfs.jar;C:\Program Files\Java\jdk1.8.0_221\jre\lib\javaws.jar;C:\Program Files\Java\jdk1.8.0_221\jre\lib\jce.jar;C:\Program Files\Java\jdk1.8.0_221\jre\lib\jfr.jar;C:\Program Files\Java\jdk1.8.0_221\jre\lib\jfxswt.jar;C:\Program Files\Java\jdk1.8.0_221\jre\lib\jsse.jar;C:\Program Files\Java\jdk1.8.0_221\jre\lib\management-agent.jar;C:\Program Files\Java\jdk1.8.0_221\jre\lib\plugin.jar;C:\Program Files\Java\jdk1.8.0_221\jre\lib\resources.jar;C:\Program Files\Java\jdk1.8.0_221\jre\lib\rt.j
Launcher Type: SUN_STANDARD

Environment Variables:
JAVA_HOME=C:\Program Files\Java\jdk1.8.0_221
CLASSPATH=.;C:\Program Files\Java\jdk1.8.0_221\lib\dt.jar;C:\Program Files\Java\jdk1.8.0_221\lib\tools.jar;
PATH=C:\Program Files (x86)\Common Files\Intel\Shared Libraries\redist\intel64\compiler;C:\Program Files (x86)\Common Files\Oracle\Java\javapath;C:\ProgramData\Oracle\Java\javapath;C:\Program Files (x86)\Intel\iCLS Client\;C:\Program Files\Intel\iCLS Client\;C:\windows\system32;C:\windows;C:\windows\System32\Wbem;C:\windows\System32\WindowsPowerShell\v1.0\;C:\Program Files (x86)\Intel\Intel(R) Management Engine Components\DAL;C:\Program Files\Intel\Intel(R) Management Engine Components\DAL;C:\Program Files (x86)\Intel\Intel(R) Management Engine Components\IPT;C:\Program Files\Intel\Intel(R) Management Engine Components\IPT;C:\Program Files (x86)\NVIDIA Corporation\PhysX\Common;C:\WINDOWS\system32;C:\WINDOWS;C:\WINDOWS\System32\Wbem;C:\WINDOWS\System32\WindowsPowerShell\v1.0\;C:\WINDOWS\System32\OpenSSH\;C:\Program Files (x86)\Microsoft SQL Server\100\Tools\Binn\;C:\Program Files\Microsoft SQL Server\100\Tools\Binn\;C:\Program Files\Microsoft SQL Server\100\DTS\Binn\;C:\Program Files (x86)\Microsoft SQL Server\100\Tools\Binn\VSShell\Common7\IDE\;C:\Program Files (x86)\Microsoft SQL Server\100\DTS\Binn\;C:\Program Files (x86)\Microsoft Visual Studio 9.0\Common7\IDE\PrivateAssemblies\;";D:\mysql\mysql-5.7.27-winx64\bin";D:\mysql\mysql-5.7.27-winx64\bin;C:\Program Files\Java\jdk1.8.0_221\bin;C:\Program Files\Java\jdk1.8.0_221\jre\bin;D:\MATLAB\R2018a\runtime\win64;D:\MATLAB\R2018a\bin;C:\Program Files (x86)\Rational\common;D:\apache-maven-3.5.0\bin;C:\Users\HP\AppData\Local\Programs\Python\Python37\Scripts\;C:\Users\HP\AppData\Local\Programs\Python\Python37\;C:\Users\HP\AppData\Local\Microsoft\WindowsApps;C:\Program Files\JetBrains\PyCharm Community Edition 2019.2.3\bin;C:\Program Files\JetBrains\PyCharm 2019.2.3\bin;D:\Microsoft VS Code\bin
USERNAME=HP
OS=Windows_NT
PROCESSOR_IDENTIFIER=Intel64 Family 6 Model 158 Stepping 9, GenuineIntel



---------------  S Y S T E M  ---------------

OS: Windows 10.0 , 64 bit Build 18362 (10.0.18362.1110)

CPU:total 4 (initial active 4) (4 cores per cpu, 1 threads per core) family 6 model 158 stepping 9, cmov, cx8, fxsr, mmx, sse, sse2, sse3, ssse3, sse4.1, sse4.2, popcnt, avx, avx2, aes, clmul, erms, 3dnowpref, lzcnt, tsc, tscinvbit, bmi1, bmi2, adx

Memory: 4k page, physical 8271080k(1108584k free), swap 12563392k(5128k free)

vm_info: Java HotSpot(TM) 64-Bit Server VM (25.221-b11) for windows-amd64 JRE (1.8.0_221-b11), built on Jul  4 2019 04:39:29 by "java_re" with MS VC++ 10.0 (VS2010)

time: Fri Dec 04 11:51:02 2020
timezone: 中国标准时间
elapsed time: 2 seconds (0d 0h 0m 2s)

